#! /c/Source/iverilog-install/bin/vvp
:ivl_version "12.0 (devel)" "(s20150603-1539-g2693dd32b)";
:ivl_delay_selection "TYPICAL";
:vpi_time_precision - 12;
:vpi_module "C:\iverilog\lib\ivl\system.vpi";
:vpi_module "C:\iverilog\lib\ivl\vhdl_sys.vpi";
:vpi_module "C:\iverilog\lib\ivl\vhdl_textio.vpi";
:vpi_module "C:\iverilog\lib\ivl\v2005_math.vpi";
:vpi_module "C:\iverilog\lib\ivl\va_math.vpi";
S_00000254833c84e0 .scope module, "rptr_handler_tb" "rptr_handler_tb" 2 3;
 .timescale -9 -12;
P_00000254833c9600 .param/l "PTR_WIDTH" 0 2 5, +C4<00000000000000000000000000000011>;
v00000254834299e0_0 .net "b_rptr", 3 0, v00000254834296c0_0;  1 drivers
v0000025483429a80_0 .net "empty", 0 0, v0000025483429620_0;  1 drivers
v0000025483429b20_0 .net "g_rptr", 3 0, v0000025483429440_0;  1 drivers
v00000254834293a0_0 .var "g_wptr_sync", 3 0;
v0000025483428fe0_0 .var "r_en", 0 0;
v0000025483429bc0_0 .var "rclk", 0 0;
v0000025483429120_0 .var "rrst_n", 0 0;
S_00000254833d6fa0 .scope module, "uut" "rptr_handler" 2 12, 3 3 0, S_00000254833c84e0;
 .timescale 0 0;
    .port_info 0 /INPUT 1 "rclk";
    .port_info 1 /INPUT 1 "rrst_n";
    .port_info 2 /INPUT 1 "r_en";
    .port_info 3 /INPUT 4 "g_wptr_sync";
    .port_info 4 /OUTPUT 4 "b_rptr";
    .port_info 5 /OUTPUT 4 "g_rptr";
    .port_info 6 /OUTPUT 1 "empty";
P_00000254833c9780 .param/l "PTR_WIDTH" 0 3 3, +C4<00000000000000000000000000000011>;
L_00000254833cb800 .functor AND 4, L_00000254834294e0, L_0000025483428cc0, C4<1111>, C4<1111>;
L_00000254833cafb0 .functor XOR 4, L_0000025483429080, L_0000025483428d60, C4<0000>, C4<0000>;
v00000254831abd70_0 .net *"_ivl_0", 3 0, L_00000254834294e0;  1 drivers
v00000254833a30e0_0 .net *"_ivl_10", 3 0, L_00000254833cb800;  1 drivers
v00000254833c6950_0 .net *"_ivl_14", 3 0, L_0000025483429080;  1 drivers
v00000254833c8670_0 .net *"_ivl_16", 2 0, L_0000025483428f40;  1 drivers
L_0000025483429d18 .functor BUFT 1, C4<0>, C4<0>, C4<0>, C4<0>;
v00000254833cc2b0_0 .net *"_ivl_18", 0 0, L_0000025483429d18;  1 drivers
L_0000025483429c88 .functor BUFT 1, C4<000>, C4<0>, C4<0>, C4<0>;
v00000254833d7130_0 .net *"_ivl_3", 2 0, L_0000025483429c88;  1 drivers
v00000254833d71d0_0 .net *"_ivl_5", 0 0, L_0000025483428ea0;  1 drivers
v00000254833d7270_0 .net *"_ivl_6", 3 0, L_0000025483428cc0;  1 drivers
L_0000025483429cd0 .functor BUFT 1, C4<000>, C4<0>, C4<0>, C4<0>;
v00000254833d7310_0 .net *"_ivl_9", 2 0, L_0000025483429cd0;  1 drivers
v00000254834296c0_0 .var "b_rptr", 3 0;
v00000254834298a0_0 .net "b_rptr_next", 3 0, L_0000025483428d60;  1 drivers
v0000025483429620_0 .var "empty", 0 0;
v0000025483429440_0 .var "g_rptr", 3 0;
v0000025483429940_0 .net "g_rptr_next", 3 0, L_00000254833cafb0;  1 drivers
v0000025483429580_0 .net "g_wptr_sync", 3 0, v00000254834293a0_0;  1 drivers
v0000025483429760_0 .net "r_en", 0 0, v0000025483428fe0_0;  1 drivers
v0000025483428e00_0 .net "rclk", 0 0, v0000025483429bc0_0;  1 drivers
v0000025483429800_0 .net "rempty", 0 0, L_0000025483429260;  1 drivers
v00000254834291c0_0 .net "rrst_n", 0 0, v0000025483429120_0;  1 drivers
E_00000254833c92c0/0 .event negedge, v00000254834291c0_0;
E_00000254833c92c0/1 .event posedge, v0000025483428e00_0;
E_00000254833c92c0 .event/or E_00000254833c92c0/0, E_00000254833c92c0/1;
L_00000254834294e0 .concat [ 1 3 0 0], v0000025483428fe0_0, L_0000025483429c88;
L_0000025483428ea0 .reduce/nor v0000025483429620_0;
L_0000025483428cc0 .concat [ 1 3 0 0], L_0000025483428ea0, L_0000025483429cd0;
L_0000025483428d60 .arith/sum 4, v00000254834296c0_0, L_00000254833cb800;
L_0000025483428f40 .part L_0000025483428d60, 1, 3;
L_0000025483429080 .concat [ 3 1 0 0], L_0000025483428f40, L_0000025483429d18;
L_0000025483429260 .cmp/eq 4, v00000254834293a0_0, L_00000254833cafb0;
    .scope S_00000254833d6fa0;
T_0 ;
    %wait E_00000254833c92c0;
    %load/vec4 v00000254834291c0_0;
    %nor/r;
    %flag_set/vec4 8;
    %jmp/0xz  T_0.0, 8;
    %pushi/vec4 0, 0, 4;
    %assign/vec4 v00000254834296c0_0, 0;
    %pushi/vec4 0, 0, 4;
    %assign/vec4 v0000025483429440_0, 0;
    %jmp T_0.1;
T_0.0 ;
    %load/vec4 v00000254834298a0_0;
    %assign/vec4 v00000254834296c0_0, 0;
    %load/vec4 v0000025483429940_0;
    %assign/vec4 v0000025483429440_0, 0;
T_0.1 ;
    %jmp T_0;
    .thread T_0;
    .scope S_00000254833d6fa0;
T_1 ;
    %wait E_00000254833c92c0;
    %load/vec4 v00000254834291c0_0;
    %nor/r;
    %flag_set/vec4 8;
    %jmp/0xz  T_1.0, 8;
    %pushi/vec4 1, 0, 1;
    %assign/vec4 v0000025483429620_0, 0;
    %jmp T_1.1;
T_1.0 ;
    %load/vec4 v0000025483429800_0;
    %assign/vec4 v0000025483429620_0, 0;
T_1.1 ;
    %jmp T_1;
    .thread T_1;
    .scope S_00000254833c84e0;
T_2 ;
    %delay 5000, 0;
    %load/vec4 v0000025483429bc0_0;
    %inv;
    %store/vec4 v0000025483429bc0_0, 0, 1;
    %jmp T_2;
    .thread T_2;
    .scope S_00000254833c84e0;
T_3 ;
    %pushi/vec4 0, 0, 1;
    %store/vec4 v0000025483429bc0_0, 0, 1;
    %pushi/vec4 0, 0, 1;
    %store/vec4 v0000025483429120_0, 0, 1;
    %pushi/vec4 0, 0, 1;
    %store/vec4 v0000025483428fe0_0, 0, 1;
    %pushi/vec4 0, 0, 4;
    %store/vec4 v00000254834293a0_0, 0, 4;
    %vpi_call 2 32 "$dumpfile", "./outputs/rptr_handler.vcd" {0 0 0};
    %vpi_call 2 33 "$dumpvars", 32'sb00000000000000000000000000000000, S_00000254833c84e0 {0 0 0};
    %delay 10000, 0;
    %pushi/vec4 1, 0, 1;
    %store/vec4 v0000025483429120_0, 0, 1;
    %delay 10000, 0;
    %pushi/vec4 1, 0, 4;
    %store/vec4 v00000254834293a0_0, 0, 4;
    %delay 10000, 0;
    %pushi/vec4 1, 0, 1;
    %store/vec4 v0000025483428fe0_0, 0, 1;
    %delay 10000, 0;
    %pushi/vec4 0, 0, 1;
    %store/vec4 v0000025483428fe0_0, 0, 1;
    %delay 10000, 0;
    %pushi/vec4 2, 0, 4;
    %store/vec4 v00000254834293a0_0, 0, 4;
    %delay 10000, 0;
    %pushi/vec4 1, 0, 1;
    %store/vec4 v0000025483428fe0_0, 0, 1;
    %delay 10000, 0;
    %pushi/vec4 0, 0, 1;
    %store/vec4 v0000025483428fe0_0, 0, 1;
    %delay 10000, 0;
    %pushi/vec4 3, 0, 4;
    %store/vec4 v00000254834293a0_0, 0, 4;
    %delay 10000, 0;
    %pushi/vec4 1, 0, 1;
    %store/vec4 v0000025483428fe0_0, 0, 1;
    %delay 10000, 0;
    %pushi/vec4 0, 0, 1;
    %store/vec4 v0000025483428fe0_0, 0, 1;
    %delay 20000, 0;
    %pushi/vec4 0, 0, 1;
    %store/vec4 v0000025483428fe0_0, 0, 1;
    %delay 50000, 0;
    %vpi_call 2 58 "$finish" {0 0 0};
    %end;
    .thread T_3;
    .scope S_00000254833c84e0;
T_4 ;
    %vpi_call 2 63 "$monitor", "Time=%0t | g_wptr_sync=%b | b_rptr=%b | g_rptr=%b | empty=%b | r_en=%b", $time, v00000254834293a0_0, v00000254834299e0_0, v0000025483429b20_0, v0000025483429a80_0, v0000025483428fe0_0 {0 0 0};
    %end;
    .thread T_4;
# The file index is used to find the file name in the following table.
:file_names 4;
    "N/A";
    "<interactive>";
    "tb_rptr_handler.v";
    "rptr_handler.v";
