#! /c/Source/iverilog-install/bin/vvp
:ivl_version "12.0 (devel)" "(s20150603-1539-g2693dd32b)";
:ivl_delay_selection "TYPICAL";
:vpi_time_precision - 12;
:vpi_module "C:\iverilog\lib\ivl\system.vpi";
:vpi_module "C:\iverilog\lib\ivl\vhdl_sys.vpi";
:vpi_module "C:\iverilog\lib\ivl\vhdl_textio.vpi";
:vpi_module "C:\iverilog\lib\ivl\v2005_math.vpi";
:vpi_module "C:\iverilog\lib\ivl\va_math.vpi";
S_00000225a6498d00 .scope module, "tb_wptr_handler" "tb_wptr_handler" 2 5;
 .timescale -9 -12;
P_00000225a63e8d00 .param/l "PTR_WIDTH" 0 2 7, +C4<00000000000000000000000000000011>;
v00000225a64f8e10_0 .net "b_wptr", 3 0, v00000225a64f8690_0;  1 drivers
v00000225a64f8190_0 .net "full", 0 0, v00000225a64f8f50_0;  1 drivers
v00000225a64f8eb0_0 .var "g_rptr_sync", 3 0;
v00000225a64f8910_0 .net "g_wptr", 3 0, v00000225a64f8b90_0;  1 drivers
v00000225a64f8050_0 .var "w_en", 0 0;
v00000225a64f8230_0 .var "wclk", 0 0;
v00000225a64f82d0_0 .var "wrst_n", 0 0;
S_00000225a6498e90 .scope module, "uut" "wptr_handler" 2 20, 3 3 0, S_00000225a6498d00;
 .timescale -9 -12;
    .port_info 0 /INPUT 1 "wclk";
    .port_info 1 /INPUT 1 "wrst_n";
    .port_info 2 /INPUT 1 "w_en";
    .port_info 3 /INPUT 4 "g_rptr_sync";
    .port_info 4 /OUTPUT 4 "b_wptr";
    .port_info 5 /OUTPUT 4 "g_wptr";
    .port_info 6 /OUTPUT 1 "full";
P_00000225a63e8d80 .param/l "PTR_WIDTH" 0 3 3, +C4<00000000000000000000000000000011>;
L_00000225a64a9e90 .functor AND 4, L_00000225a64f8370, L_00000225a6541750, C4<1111>, C4<1111>;
L_00000225a64a9bf0 .functor XOR 4, L_00000225a6541ed0, L_00000225a6542650, C4<0000>, C4<0000>;
L_00000225a64a9fe0 .functor NOT 2, L_00000225a6542bf0, C4<00>, C4<00>, C4<00>;
v00000225a6473c70_0 .net *"_ivl_0", 3 0, L_00000225a64f8370;  1 drivers
v00000225a6498a00_0 .net *"_ivl_10", 3 0, L_00000225a64a9e90;  1 drivers
v00000225a6498aa0_0 .net *"_ivl_14", 3 0, L_00000225a6541ed0;  1 drivers
v00000225a64a4c20_0 .net *"_ivl_16", 2 0, L_00000225a65417f0;  1 drivers
L_00000225a64f90a8 .functor BUFT 1, C4<0>, C4<0>, C4<0>, C4<0>;
v00000225a64a4cc0_0 .net *"_ivl_18", 0 0, L_00000225a64f90a8;  1 drivers
v00000225a64a4d60_0 .net *"_ivl_23", 1 0, L_00000225a6542bf0;  1 drivers
v00000225a64f89b0_0 .net *"_ivl_24", 1 0, L_00000225a64a9fe0;  1 drivers
v00000225a64f8410_0 .net *"_ivl_27", 1 0, L_00000225a6542510;  1 drivers
v00000225a64f8730_0 .net *"_ivl_28", 3 0, L_00000225a65425b0;  1 drivers
L_00000225a64f9018 .functor BUFT 1, C4<000>, C4<0>, C4<0>, C4<0>;
v00000225a64f84b0_0 .net *"_ivl_3", 2 0, L_00000225a64f9018;  1 drivers
v00000225a64f8550_0 .net *"_ivl_5", 0 0, L_00000225a65426f0;  1 drivers
v00000225a64f87d0_0 .net *"_ivl_6", 3 0, L_00000225a6541750;  1 drivers
L_00000225a64f9060 .functor BUFT 1, C4<000>, C4<0>, C4<0>, C4<0>;
v00000225a64f80f0_0 .net *"_ivl_9", 2 0, L_00000225a64f9060;  1 drivers
v00000225a64f8690_0 .var "b_wptr", 3 0;
v00000225a64f8870_0 .net "b_wptr_next", 3 0, L_00000225a6542650;  1 drivers
v00000225a64f8f50_0 .var "full", 0 0;
v00000225a64f8af0_0 .net "g_rptr_sync", 3 0, v00000225a64f8eb0_0;  1 drivers
v00000225a64f8b90_0 .var "g_wptr", 3 0;
v00000225a64f8c30_0 .net "g_wptr_next", 3 0, L_00000225a64a9bf0;  1 drivers
v00000225a64f8cd0_0 .net "w_en", 0 0, v00000225a64f8050_0;  1 drivers
v00000225a64f8d70_0 .net "wclk", 0 0, v00000225a64f8230_0;  1 drivers
v00000225a64f8a50_0 .net "wfull", 0 0, L_00000225a6541cf0;  1 drivers
v00000225a64f85f0_0 .net "wrst_n", 0 0, v00000225a64f82d0_0;  1 drivers
E_00000225a63e8580/0 .event negedge, v00000225a64f85f0_0;
E_00000225a63e8580/1 .event posedge, v00000225a64f8d70_0;
E_00000225a63e8580 .event/or E_00000225a63e8580/0, E_00000225a63e8580/1;
L_00000225a64f8370 .concat [ 1 3 0 0], v00000225a64f8050_0, L_00000225a64f9018;
L_00000225a65426f0 .reduce/nor v00000225a64f8f50_0;
L_00000225a6541750 .concat [ 1 3 0 0], L_00000225a65426f0, L_00000225a64f9060;
L_00000225a6542650 .arith/sum 4, v00000225a64f8690_0, L_00000225a64a9e90;
L_00000225a65417f0 .part L_00000225a6542650, 1, 3;
L_00000225a6541ed0 .concat [ 3 1 0 0], L_00000225a65417f0, L_00000225a64f90a8;
L_00000225a6542bf0 .part v00000225a64f8eb0_0, 2, 2;
L_00000225a6542510 .part v00000225a64f8eb0_0, 0, 2;
L_00000225a65425b0 .concat [ 2 2 0 0], L_00000225a6542510, L_00000225a64a9fe0;
L_00000225a6541cf0 .cmp/eq 4, L_00000225a64a9bf0, L_00000225a65425b0;
    .scope S_00000225a6498e90;
T_0 ;
    %wait E_00000225a63e8580;
    %load/vec4 v00000225a64f85f0_0;
    %nor/r;
    %flag_set/vec4 8;
    %jmp/0xz  T_0.0, 8;
    %pushi/vec4 0, 0, 4;
    %assign/vec4 v00000225a64f8690_0, 0;
    %pushi/vec4 0, 0, 4;
    %assign/vec4 v00000225a64f8b90_0, 0;
    %jmp T_0.1;
T_0.0 ;
    %load/vec4 v00000225a64f8870_0;
    %assign/vec4 v00000225a64f8690_0, 0;
    %load/vec4 v00000225a64f8c30_0;
    %assign/vec4 v00000225a64f8b90_0, 0;
T_0.1 ;
    %jmp T_0;
    .thread T_0;
    .scope S_00000225a6498e90;
T_1 ;
    %wait E_00000225a63e8580;
    %load/vec4 v00000225a64f85f0_0;
    %nor/r;
    %flag_set/vec4 8;
    %jmp/0xz  T_1.0, 8;
    %pushi/vec4 0, 0, 1;
    %assign/vec4 v00000225a64f8f50_0, 0;
    %jmp T_1.1;
T_1.0 ;
    %load/vec4 v00000225a64f8a50_0;
    %assign/vec4 v00000225a64f8f50_0, 0;
T_1.1 ;
    %jmp T_1;
    .thread T_1;
    .scope S_00000225a6498d00;
T_2 ;
    %pushi/vec4 0, 0, 1;
    %store/vec4 v00000225a64f8230_0, 0, 1;
T_2.0 ;
    %delay 5000, 0;
    %load/vec4 v00000225a64f8230_0;
    %inv;
    %store/vec4 v00000225a64f8230_0, 0, 1;
    %jmp T_2.0;
    %end;
    .thread T_2;
    .scope S_00000225a6498d00;
T_3 ;
    %pushi/vec4 0, 0, 1;
    %store/vec4 v00000225a64f82d0_0, 0, 1;
    %pushi/vec4 0, 0, 1;
    %store/vec4 v00000225a64f8050_0, 0, 1;
    %pushi/vec4 0, 0, 4;
    %store/vec4 v00000225a64f8eb0_0, 0, 4;
    %vpi_call 2 42 "$dumpfile", "./outputs/wptrhandler.vcd" {0 0 0};
    %vpi_call 2 43 "$dumpvars", 32'sb00000000000000000000000000000000, S_00000225a6498d00 {0 0 0};
    %delay 10000, 0;
    %pushi/vec4 1, 0, 1;
    %store/vec4 v00000225a64f82d0_0, 0, 1;
    %delay 40000, 0;
    %pushi/vec4 1, 0, 1;
    %store/vec4 v00000225a64f8050_0, 0, 1;
    %delay 1000000, 0;
    %vpi_call 2 52 "$finish" {0 0 0};
    %end;
    .thread T_3;
# The file index is used to find the file name in the following table.
:file_names 4;
    "N/A";
    "<interactive>";
    "tb_wptr_handler.v";
    "wptr_handler.v";
